e:\zico\5_project\zico\debug\cornserialfarmer.pdb
e:\zico\5_project\zico\debug\cornserialfarmer.idb
e:\zico\5_project\zico\cornserialfarmer\debug\walkstate.obj
e:\zico\5_project\zico\cornserialfarmer\debug\testscene.obj
e:\zico\5_project\zico\cornserialfarmer\debug\testfsm.obj
e:\zico\5_project\zico\cornserialfarmer\debug\player.obj
e:\zico\5_project\zico\cornserialfarmer\debug\pch.obj
e:\zico\5_project\zico\cornserialfarmer\debug\npc3.obj
e:\zico\5_project\zico\cornserialfarmer\debug\npc2.obj
e:\zico\5_project\zico\cornserialfarmer\debug\npc1.obj
e:\zico\5_project\zico\cornserialfarmer\debug\idlestate.obj
e:\zico\5_project\zico\cornserialfarmer\debug\famerscript.obj
e:\zico\5_project\zico\cornserialfarmer\debug\cornserialfarmer.obj
e:\zico\5_project\zico\cornserialfarmer\debug\cat.obj
e:\zico\5_project\zico\cornserialfarmer\debug\yoonsuscene.obj
e:\zico\5_project\zico\cornserialfarmer\debug\yeonha.obj
e:\zico\5_project\zico\cornserialfarmer\debug\talkstate.obj
e:\zico\5_project\zico\cornserialfarmer\debug\playerscript.obj
e:\zico\5_project\zico\cornserialfarmer\debug\npc1talkstate.obj
e:\zico\5_project\zico\cornserialfarmer\debug\npc1script.obj
e:\zico\5_project\zico\cornserialfarmer\debug\npc1returnstate.obj
e:\zico\5_project\zico\cornserialfarmer\debug\npc1patrolstate.obj
e:\zico\5_project\zico\cornserialfarmer\debug\npc1fsm.obj
e:\zico\5_project\zico\cornserialfarmer\debug\nextscene.obj
e:\zico\5_project\zico\cornserialfarmer\debug\dongilscene.obj
e:\zico\5_project\zico\cornserialfarmer\debug\changdoscene.obj
e:\zico\5_project\zico\cornserialfarmer\debug\catscript.obj
e:\zico\5_project\zico\debug\cornserialfarmer.lib
e:\zico\5_project\zico\cornserialfarmer\debug\cornserialfarmer.tlog\cl.command.1.tlog
e:\zico\5_project\zico\cornserialfarmer\debug\cornserialfarmer.tlog\cl.read.1.tlog
e:\zico\5_project\zico\cornserialfarmer\debug\cornserialfarmer.tlog\cl.write.1.tlog
e:\zico\5_project\zico\cornserialfarmer\debug\cornserialfarmer.tlog\lib-link.read.1.tlog
e:\zico\5_project\zico\cornserialfarmer\debug\cornserialfarmer.tlog\lib-link.write.1.tlog
e:\zico\5_project\zico\cornserialfarmer\debug\cornserialfarmer.tlog\lib.command.1.tlog
