  Cat.cpp
E:\ZICO\5_Project\ZICO\CornSerialFarmer\Cat.cpp(101,1): fatal  error C1010: 미리 컴파일된 헤더를 찾는 동안 예기치 않은 파일의 끝이 나타났습니다. '#include "pch.h"'을(를) 소스에 추가하시겠습니까?
  CornSerialFarmer.cpp
E:\ZICO\5_Project\ZICO\CornSerialFarmer\CornSerialFarmer.cpp(29,1): fatal  error C1010: 미리 컴파일된 헤더를 찾는 동안 예기치 않은 파일의 끝이 나타났습니다. '#include "pch.h"'을(를) 소스에 추가하시겠습니까?
  FamerScript.cpp
E:\ZICO\5_Project\ZICO\CornSerialFarmer\FamerScript.cpp(129,1): fatal  error C1010: 미리 컴파일된 헤더를 찾는 동안 예기치 않은 파일의 끝이 나타났습니다. '#include "pch.h"'을(를) 소스에 추가하시겠습니까?
  IdleState.cpp
E:\ZICO\5_Project\ZICO\CornSerialFarmer\IdleState.cpp(41,1): fatal  error C1010: 미리 컴파일된 헤더를 찾는 동안 예기치 않은 파일의 끝이 나타났습니다. '#include "pch.h"'을(를) 소스에 추가하시겠습니까?
  NPC1.cpp
E:\ZICO\5_Project\ZICO\CornSerialFarmer\NPC1.cpp(57,1): fatal  error C1010: 미리 컴파일된 헤더를 찾는 동안 예기치 않은 파일의 끝이 나타났습니다. '#include "pch.h"'을(를) 소스에 추가하시겠습니까?
  NPC2.cpp
E:\ZICO\5_Project\ZICO\CornSerialFarmer\NPC2.cpp(57,1): fatal  error C1010: 미리 컴파일된 헤더를 찾는 동안 예기치 않은 파일의 끝이 나타났습니다. '#include "pch.h"'을(를) 소스에 추가하시겠습니까?
  NPC3.cpp
E:\ZICO\5_Project\ZICO\CornSerialFarmer\NPC3.cpp(57,1): fatal  error C1010: 미리 컴파일된 헤더를 찾는 동안 예기치 않은 파일의 끝이 나타났습니다. '#include "pch.h"'을(를) 소스에 추가하시겠습니까?
  pch.cpp
E:\ZICO\5_Project\ZICO\CornSerialFarmer\pch.cpp(3,10): fatal  error C1083: 미리 컴파일된 헤더 파일을 열 수 없습니다. 'x64\Debug\CornSerialFarmer.pch': No such file or directory
  Player.cpp
E:\ZICO\5_Project\ZICO\CornSerialFarmer\Player.cpp(56,1): fatal  error C1010: 미리 컴파일된 헤더를 찾는 동안 예기치 않은 파일의 끝이 나타났습니다. '#include "pch.h"'을(를) 소스에 추가하시겠습니까?
  TestFSM.cpp
E:\ZICO\5_Project\ZICO\CornSerialFarmer\TestFSM.cpp(35,1): fatal  error C1010: 미리 컴파일된 헤더를 찾는 동안 예기치 않은 파일의 끝이 나타났습니다. '#include "pch.h"'을(를) 소스에 추가하시겠습니까?
  TestScene.cpp
E:\ZICO\5_Project\ZICO\CornSerialFarmer\TestScene.cpp(112,1): fatal  error C1010: 미리 컴파일된 헤더를 찾는 동안 예기치 않은 파일의 끝이 나타났습니다. '#include "pch.h"'을(를) 소스에 추가하시겠습니까?
  WalkState.cpp
E:\ZICO\5_Project\ZICO\CornSerialFarmer\WalkState.cpp(73,1): fatal  error C1010: 미리 컴파일된 헤더를 찾는 동안 예기치 않은 파일의 끝이 나타났습니다. '#include "pch.h"'을(를) 소스에 추가하시겠습니까?
  코드를 생성하고 있습니다...
