  ArrestedEnding.cpp
  BlackCatFSM.cpp
  BlackCatIdleState.cpp
  BlackCatMoveState.cpp
  BlackCatScript.cpp
  BlackScreen.cpp
  BlackScreenScript.cpp
  BloodStartScene.cpp
  BubblePopScript.cpp
  CameraScript.cpp
  ChangdoScene.cpp
  ChangdoScript.cpp
  CornGame.cpp
  CornGameManagerScript.cpp
  CornSerialFarmer.cpp
  CountDown.cpp
  CountDownScript.cpp
  CreditBubbleScript.cpp
  CutSceneScript.cpp
  DeadBodyScript.cpp
  컴파일하고 있습니다...
  DongilScene.cpp
  EffectManagerScript.cpp
  EndingCredit.cpp
  ExplainWindow.cpp
  ExplainWindowScript.cpp
  FarmFSM.cpp
  FarmNoWaterState.cpp
  FarmScript.cpp
  FarmWaterState.cpp
  FarmerAim.cpp
  FarmerScript.cpp
  GameManagerScript.cpp
  GameOver.cpp
  GameOverWindow.cpp
  HarvestState.cpp
  IdleState.cpp
  InteractionState.cpp
  ItemManagerScript.cpp
  ItemSlot.cpp
  KeyHoleScript.cpp
  컴파일하고 있습니다...
  KillWindow.cpp
  KillWindowScript.cpp
  LockScript.cpp
  MainScene.cpp
  MiniGameCornScipt.cpp
  Move.cpp
  MoveBodyState.cpp
  NPC1CheckState.cpp
  NPC1FSM.cpp
  NPC1FindState.cpp
  NPC1IdleState.cpp
  NPC1PatrolState.cpp
  NPC1ReturnState.cpp
  NPC1Script.cpp
  NPC1TalkState.cpp
  NPC1ViewScript.cpp
  NPC2CheckState.cpp
  NPC2FindState.cpp
  NPC2IdleState.cpp
  NPC2ReturnState.cpp
  컴파일하고 있습니다...
  NPC2Script.cpp
  NPC2TalkState.cpp
  NPC2TraceState.cpp
  NPC2ViewScript.cpp
  NextScene.cpp
  ObjectDataScript.cpp
  OpeningScene.cpp
  PauseButton.cpp
  PauseButtonScript.cpp
  PauseWindow.cpp
  Police2Script.cpp
  Police2ViewScript.cpp
  PoliceCatchState.cpp
  PoliceDieState.cpp
  PoliceFSM.cpp
  PoliceFindState.cpp
  PoliceIdleState.cpp
  PolicePatrolState.cpp
  PoliceScript.cpp
  PoliceTraceState.cpp
  컴파일하고 있습니다...
  PoliceViewScript.cpp
  PopupWindowBackground.cpp
  QuestList.cpp
  QuestManagerScript.cpp
  ScriptManager.cpp
  StartScene.cpp
  StartSceneScript.cpp
  TImeScript.cpp
  TalkState.cpp
  TestFSM.cpp
  TestScene.cpp
  TextManagerScript.cpp
  TimeBar.cpp
  TrueEnding.cpp
  WalkState.cpp
E:\ZICO\5_Project\ZICO\CornSerialFarmer\WalkState.cpp(33,12): warning C4244: '초기화 중': 'float'에서 'int'(으)로 변환하면서 데이터가 손실될 수 있습니다.
E:\ZICO\5_Project\ZICO\CornSerialFarmer\WalkState.cpp(34,20): warning C4244: '초기화 중': 'float'에서 'int'(으)로 변환하면서 데이터가 손실될 수 있습니다.
  WareHouseDoorScript.cpp
  WareHouseGameScript.cpp
  WarehouseGame.cpp
  WateringState.cpp
  WildBoarCatchScript.cpp
  컴파일하고 있습니다...
  WildBoarGame.cpp
  WildBoarScript.cpp
  Yeonha.cpp
  YoonseoTestScene.cpp
  YoonsuScene.cpp
  Release\pch.obj을(를) 바꾸고 있습니다.
  CornSerialFarmer.vcxproj -> E:\ZICO\5_Project\ZICO\Release\CornSerialFarmer.lib
